2026-03-16 08:54:24:5424 [32minfo[39m: [32mServer running on http://localhost:5000[39m
2026-03-16 08:54:25:5425 [32minfo[39m: [32mMongoDB connected successfully[39m
2026-03-16 08:54:25:5425 [32minfo[39m: [32mDatabase indexes created[39m
2026-03-16 08:56:24:5624 [32minfo[39m: [32mServer running on http://localhost:5000[39m
2026-03-16 08:56:25:5625 [32minfo[39m: [32mMongoDB connected successfully[39m
2026-03-16 08:56:25:5625 [32minfo[39m: [32mDatabase indexes created[39m
2026-03-16 09:04:57:457 [32minfo[39m: [32mServer running on http://localhost:5000[39m
2026-03-16 09:04:58:458 [32minfo[39m: [32mMongoDB connected successfully[39m
2026-03-16 09:04:58:458 [32minfo[39m: [32mDatabase indexes created[39m
2026-03-16 09:13:51:1351 [32minfo[39m: [32mServer running on http://localhost:5000[39m
2026-03-16 09:13:56:1356 [32minfo[39m: [32mServer running on http://localhost:5000[39m
2026-03-16 09:13:57:1357 [32minfo[39m: [32mMongoDB connected successfully[39m
2026-03-16 09:13:57:1357 [32minfo[39m: [32mDatabase indexes created[39m
2026-03-16 12:12:05:125 [32minfo[39m: [32mServer running on http://localhost:5000[39m
2026-03-16 12:12:09:129 [32minfo[39m: [32mServer running on http://localhost:5000[39m
2026-03-16 12:12:10:1210 [32minfo[39m: [32mMongoDB connected successfully[39m
2026-03-16 12:12:10:1210 [32minfo[39m: [32mDatabase indexes created[39m
2026-03-16 12:22:59:2259 [32minfo[39m: [32mServer running on http://localhost:5000[39m
2026-03-16 12:23:00:230 [32minfo[39m: [32mMongoDB connected successfully[39m
2026-03-16 12:23:01:231 [32minfo[39m: [32mDatabase indexes created[39m
2026-03-16 12:26:09:269 [32minfo[39m: [32mServer running on http://localhost:5000[39m
2026-03-16 12:26:10:2610 [32minfo[39m: [32mMongoDB connected successfully[39m
2026-03-16 12:26:10:2610 [32minfo[39m: [32mDatabase indexes created[39m
2026-03-17 10:12:09:129 [32minfo[39m: [32mServer running on http://localhost:5000[39m
2026-03-17 10:12:14:1214 [32minfo[39m: [32mServer running on http://localhost:5000[39m
2026-03-17 10:12:15:1215 [32minfo[39m: [32mMongoDB connected successfully[39m
2026-03-17 10:12:15:1215 [32minfo[39m: [32mDatabase indexes created[39m
2026-03-17 10:12:25:1225 [32minfo[39m: [32mServer running on http://localhost:5000[39m
2026-03-17 10:12:26:1226 [32minfo[39m: [32mMongoDB connected successfully[39m
2026-03-17 10:12:26:1226 [32minfo[39m: [32mDatabase indexes created[39m
2026-03-17 11:18:33:1833 [32minfo[39m: [32mServer running on http://localhost:5000[39m
2026-03-17 11:18:34:1834 [32minfo[39m: [32mMongoDB connected successfully[39m
2026-03-17 11:18:34:1834 [32minfo[39m: [32mDatabase indexes created[39m
2026-03-17 11:20:38:2038 [32minfo[39m: [32mServer running on http://localhost:5000[39m
2026-03-17 11:20:39:2039 [32minfo[39m: [32mMongoDB connected successfully[39m
2026-03-17 11:20:39:2039 [32minfo[39m: [32mDatabase indexes created[39m
2026-03-17 11:20:55:2055 [32minfo[39m: [32mServer running on http://localhost:5000[39m
2026-03-17 11:20:56:2056 [32minfo[39m: [32mMongoDB connected successfully[39m
2026-03-17 11:20:56:2056 [32minfo[39m: [32mDatabase indexes created[39m
2026-03-17 14:46:35:4635 [32minfo[39m: [32mServer running on http://localhost:5000[39m
2026-03-17 14:46:39:4639 [32minfo[39m: [32mServer running on http://localhost:5000[39m
2026-03-17 14:46:40:4640 [32minfo[39m: [32mMongoDB connected successfully[39m
2026-03-17 14:46:40:4640 [32minfo[39m: [32mDatabase indexes created[39m
2026-03-17 14:47:21:4721 [32minfo[39m: [32mServer running on http://localhost:5000[39m
2026-03-17 14:47:22:4722 [32minfo[39m: [32mMongoDB connected successfully[39m
2026-03-17 14:47:22:4722 [32minfo[39m: [32mDatabase indexes created[39m
2026-03-17 15:09:28:928 [32minfo[39m: [32mUser registered: farhan@example.com[39m
2026-03-17 15:09:31:931 [32minfo[39m: [32mUser logged in: farhan@example.com[39m
2026-03-17 15:09:33:933 [32minfo[39m: [32mUser logged in: farhan@example.com[39m
2026-03-17 15:09:34:934 [32minfo[39m: [32mUser logged in: farhan@example.com[39m
2026-03-17 15:09:35:935 [32minfo[39m: [32mUser logged in: farhan@example.com[39m
2026-03-17 15:28:01:281 [32minfo[39m: [32mServer running on http://localhost:5000[39m
2026-03-17 15:28:02:282 [32minfo[39m: [32mMongoDB connected successfully[39m
2026-03-17 15:28:02:282 [32minfo[39m: [32mDatabase indexes created[39m
2026-03-17 15:28:22:2822 [32minfo[39m: [32mServer running on http://localhost:5000[39m
2026-03-17 15:28:22:2822 [32minfo[39m: [32mMongoDB connected successfully[39m
2026-03-17 15:28:23:2823 [32minfo[39m: [32mDatabase indexes created[39m
2026-03-17 15:34:40:3440 [32minfo[39m: [32mServer running on http://localhost:5000[39m
2026-03-17 15:34:41:3441 [32minfo[39m: [32mMongoDB connected successfully[39m
2026-03-17 15:34:41:3441 [32minfo[39m: [32mDatabase indexes created[39m
2026-03-17 15:35:18:3518 [32minfo[39m: [32mUser logged in: farhan@example.com[39m
2026-03-17 15:46:16:4616 [32minfo[39m: [32mServer running on http://localhost:5000[39m
2026-03-17 15:46:17:4617 [32minfo[39m: [32mMongoDB connected successfully[39m
2026-03-17 15:46:17:4617 [32minfo[39m: [32mDatabase indexes created[39m
2026-03-17 15:47:49:4749 [32minfo[39m: [32mServer running on http://localhost:5000[39m
2026-03-17 15:47:52:4752 [32minfo[39m: [32mServer running on http://localhost:5000[39m
2026-03-17 15:47:53:4753 [32minfo[39m: [32mMongoDB connected successfully[39m
2026-03-17 15:47:53:4753 [32minfo[39m: [32mDatabase indexes created[39m
2026-03-17 17:10:45:1045 [32minfo[39m: [32mServer running on http://localhost:5000[39m
2026-03-17 17:10:49:1049 [32minfo[39m: [32mServer running on http://localhost:5000[39m
2026-03-17 17:10:50:1050 [32minfo[39m: [32mMongoDB connected successfully[39m
2026-03-17 17:10:50:1050 [32minfo[39m: [32mDatabase indexes created[39m
2026-03-17 17:12:05:125 [32minfo[39m: [32mServer running on http://localhost:5000[39m
2026-03-17 17:12:06:126 [32minfo[39m: [32mMongoDB connected successfully[39m
2026-03-17 17:12:06:126 [32minfo[39m: [32mDatabase indexes created[39m
2026-03-17 17:30:47:3047 [32minfo[39m: [32mServer running on http://localhost:5000[39m
2026-03-17 17:30:48:3048 [32minfo[39m: [32mMongoDB connected successfully[39m
2026-03-17 17:30:48:3048 [32minfo[39m: [32mDatabase indexes created[39m
2026-03-17 17:32:12:3212 [32minfo[39m: [32mUser logged in: farhan@example.com[39m
2026-03-17 17:32:18:3218 [32minfo[39m: [32mUser logged in: farhan@example.com[39m
2026-03-17 17:32:26:3226 [32minfo[39m: [32mUser logged in: farhan@example.com[39m
2026-03-17 17:57:00:570 [32minfo[39m: [32mServer running on http://localhost:5000[39m
2026-03-17 17:57:01:571 [32minfo[39m: [32mMongoDB connected successfully[39m
2026-03-17 17:57:01:571 [32minfo[39m: [32mDatabase indexes created[39m
2026-03-17 17:57:50:5750 [32minfo[39m: [32mServer running on http://localhost:5000[39m
2026-03-17 17:57:51:5751 [32minfo[39m: [32mMongoDB connected successfully[39m
2026-03-17 17:57:51:5751 [32minfo[39m: [32mDatabase indexes created[39m
2026-03-17 17:59:25:5925 [32minfo[39m: [32mServer running on http://localhost:5000[39m
2026-03-17 17:59:26:5926 [32minfo[39m: [32mMongoDB connected successfully[39m
2026-03-17 17:59:26:5926 [32minfo[39m: [32mDatabase indexes created[39m
2026-03-17 18:02:14:214 [32minfo[39m: [32mServer running on http://localhost:5000[39m
2026-03-17 18:02:15:215 [32minfo[39m: [32mMongoDB connected successfully[39m
2026-03-17 18:02:15:215 [32minfo[39m: [32mDatabase indexes created[39m
2026-03-17 18:02:37:237 [32minfo[39m: [32mUser logged in: farhan@example.com[39m
2026-03-18 07:50:53:5053 [32minfo[39m: [32mServer running on http://localhost:5000[39m
2026-03-18 07:50:57:5057 [32minfo[39m: [32mServer running on http://localhost:5000[39m
2026-03-18 07:50:59:5059 [32minfo[39m: [32mMongoDB connected successfully[39m
2026-03-18 07:50:59:5059 [32minfo[39m: [32mDatabase indexes created[39m
2026-03-18 07:54:23:5423 [32minfo[39m: [32mServer running on http://localhost:5000[39m
2026-03-18 07:54:24:5424 [32minfo[39m: [32mMongoDB connected successfully[39m
2026-03-18 07:54:24:5424 [32minfo[39m: [32mDatabase indexes created[39m
2026-03-18 07:55:13:5513 [32minfo[39m: [32mUser logged in: farhan@example.com[39m
2026-03-18 07:55:17:5517 [32minfo[39m: [32mUser logged in: farhan@example.com[39m
2026-03-18 08:05:51:551 [32minfo[39m: [32mServer running on http://localhost:5000[39m
2026-03-18 08:05:52:552 [32minfo[39m: [32mMongoDB connected successfully[39m
2026-03-18 08:05:52:552 [32minfo[39m: [32mDatabase indexes created[39m
2026-03-18 08:37:41:3741 [32minfo[39m: [32mUser registered: test123@gmail.com[39m
2026-03-18 08:38:47:3847 [32minfo[39m: [32mUser logged in: test123@gmail.com[39m
2026-03-18 08:38:57:3857 [32minfo[39m: [32mUser logged in: test123@gmail.com[39m
2026-03-18 08:38:59:3859 [32minfo[39m: [32mUser logged in: test123@gmail.com[39m
2026-03-18 08:39:19:3919 [32minfo[39m: [32mUser logged in: test123@gmail.com[39m
2026-03-18 08:40:05:405 [32minfo[39m: [32mUser logged in: test123@gmail.com[39m
2026-03-18 08:49:35:4935 [32minfo[39m: [32mUser logged in: test123@gmail.com[39m
2026-03-18 08:49:35:4935 [31merror[39m: [31mGet marketplace products error: Cast to Number failed for value "NaN" (type number) at path "price" for model "Product"[39m
2026-03-18 08:49:35:4935 [31merror[39m: [31mMarketplace products error: Cast to Number failed for value "NaN" (type number) at path "price" for model "Product"[39m
2026-03-18 08:49:35:4935 [31merror[39m: [31mGet marketplace products error: Cast to Number failed for value "NaN" (type number) at path "price" for model "Product"[39m
2026-03-18 08:49:35:4935 [31merror[39m: [31mMarketplace products error: Cast to Number failed for value "NaN" (type number) at path "price" for model "Product"[39m
2026-03-18 08:49:50:4950 [32minfo[39m: [32mUser logged in: test123@gmail.com[39m
2026-03-18 08:49:50:4950 [31merror[39m: [31mGet marketplace products error: Cast to Number failed for value "NaN" (type number) at path "price" for model "Product"[39m
2026-03-18 08:49:50:4950 [31merror[39m: [31mMarketplace products error: Cast to Number failed for value "NaN" (type number) at path "price" for model "Product"[39m
2026-03-18 08:49:50:4950 [31merror[39m: [31mGet marketplace products error: Cast to Number failed for value "NaN" (type number) at path "price" for model "Product"[39m
2026-03-18 08:49:50:4950 [31merror[39m: [31mMarketplace products error: Cast to Number failed for value "NaN" (type number) at path "price" for model "Product"[39m
2026-03-18 08:50:08:508 [32minfo[39m: [32mUser logged in: test123@gmail.com[39m
2026-03-18 08:50:08:508 [31merror[39m: [31mGet marketplace products error: Cast to Number failed for value "NaN" (type number) at path "price" for model "Product"[39m
2026-03-18 08:50:08:508 [31merror[39m: [31mMarketplace products error: Cast to Number failed for value "NaN" (type number) at path "price" for model "Product"[39m
2026-03-18 08:50:08:508 [31merror[39m: [31mGet marketplace products error: Cast to Number failed for value "NaN" (type number) at path "price" for model "Product"[39m
2026-03-18 08:50:08:508 [31merror[39m: [31mMarketplace products error: Cast to Number failed for value "NaN" (type number) at path "price" for model "Product"[39m
2026-03-18 08:52:13:5213 [32minfo[39m: [32mServer running on http://localhost:5000[39m
2026-03-18 08:52:17:5217 [32minfo[39m: [32mServer running on http://localhost:5000[39m
2026-03-18 08:52:18:5218 [32minfo[39m: [32mMongoDB connected successfully[39m
2026-03-18 08:52:18:5218 [32minfo[39m: [32mDatabase indexes created[39m
2026-03-18 08:53:06:536 [32minfo[39m: [32mUser logged in: test123@gmail.com[39m
2026-03-18 09:03:26:326 [32minfo[39m: [32mServer running on http://localhost:5000[39m
2026-03-18 09:03:27:327 [32minfo[39m: [32mMongoDB connected successfully[39m
2026-03-18 09:03:27:327 [32minfo[39m: [32mDatabase indexes created[39m
2026-03-18 09:03:35:335 [32minfo[39m: [32mServer running on http://localhost:5000[39m
2026-03-18 09:03:36:336 [32minfo[39m: [32mMongoDB connected successfully[39m
2026-03-18 09:03:36:336 [32minfo[39m: [32mDatabase indexes created[39m
2026-03-18 09:07:15:715 [32minfo[39m: [32mUser registered: myuser@test.com[39m
2026-03-18 09:07:40:740 [32minfo[39m: [32mUser logged in: myuser@test.com[39m
2026-03-18 09:07:59:759 [32minfo[39m: [32mUser logged in: myuser@test.com[39m
2026-03-18 09:10:47:1047 [32minfo[39m: [32mUser registered: vendor@test.com[39m
2026-03-18 09:13:54:1354 [32minfo[39m: [32mServer running on http://localhost:5000[39m
2026-03-18 09:13:55:1355 [32minfo[39m: [32mMongoDB connected successfully[39m
2026-03-18 09:13:55:1355 [32minfo[39m: [32mDatabase indexes created[39m
2026-03-18 09:17:29:1729 [32minfo[39m: [32mServer running on http://localhost:5000[39m
2026-03-18 09:17:30:1730 [32minfo[39m: [32mMongoDB connected successfully[39m
2026-03-18 09:17:31:1731 [32minfo[39m: [32mDatabase indexes created[39m
2026-03-18 09:18:35:1835 [32minfo[39m: [32mServer running on http://localhost:5000[39m
2026-03-18 09:18:37:1837 [32minfo[39m: [32mMongoDB connected successfully[39m
2026-03-18 09:18:37:1837 [32minfo[39m: [32mDatabase indexes created[39m
2026-03-18 09:19:13:1913 [32minfo[39m: [32mUser registered: me@test.com[39m
2026-03-18 09:19:54:1954 [32minfo[39m: [32mUser logged in: me@test.com[39m
2026-03-18 09:29:54:2954 [31merror[39m: [31mLogin error: getaddrinfo ENOTFOUND ac-cvncpnj-shard-00-02.tftbwrh.mongodb.net[39m
2026-03-18 09:30:13:3013 [32minfo[39m: [32mServer running on http://localhost:5000[39m
2026-03-18 09:30:14:3014 [32minfo[39m: [32mMongoDB connected successfully[39m
2026-03-18 09:30:14:3014 [32minfo[39m: [32mDatabase indexes created[39m
2026-03-18 09:30:38:3038 [32minfo[39m: [32mUser logged in: me@test.com[39m
2026-03-18 09:33:31:3331 [32minfo[39m: [32mUser logged in: me@test.com[39m
2026-03-18 09:35:46:3546 [32minfo[39m: [32mUser logged in: me@test.com[39m
2026-03-18 09:39:53:3953 [32minfo[39m: [32mServer running on http://localhost:5000[39m
2026-03-18 09:39:54:3954 [32minfo[39m: [32mMongoDB connected successfully[39m
2026-03-18 09:39:54:3954 [32minfo[39m: [32mDatabase indexes created[39m
2026-03-18 09:39:59:3959 [32minfo[39m: [32mUser logged in: me@test.com[39m
2026-03-18 09:40:35:4035 [32minfo[39m: [32mProduct added to cart: userId=69ba19b1d4d745cfde206b19, productId=69ba182294b86a89e738af02[39m
2026-03-18 09:40:36:4036 [32minfo[39m: [32mProduct added to cart: userId=69ba19b1d4d745cfde206b19, productId=69ba182294b86a89e738af02[39m
2026-03-18 09:40:49:4049 [32minfo[39m: [32mProduct added to cart: userId=69ba19b1d4d745cfde206b19, productId=69ba182294b86a89e738af02[39m
2026-03-18 09:40:57:4057 [32minfo[39m: [32mProduct added to cart: userId=69ba19b1d4d745cfde206b19, productId=69ba182294b86a89e738af02[39m
2026-03-18 09:40:59:4059 [32minfo[39m: [32mProduct added to cart: userId=69ba19b1d4d745cfde206b19, productId=69ba182294b86a89e738af02[39m
2026-03-18 09:41:00:410 [32minfo[39m: [32mProduct added to cart: userId=69ba19b1d4d745cfde206b19, productId=69ba182294b86a89e738af02[39m
2026-03-18 09:41:08:418 [32minfo[39m: [32mUser logged in: me@test.com[39m
2026-03-18 09:41:14:4114 [32minfo[39m: [32mProduct added to cart: userId=69ba19b1d4d745cfde206b19, productId=69ba182294b86a89e738af02[39m
2026-03-18 09:41:18:4118 [32minfo[39m: [32mProduct added to cart: userId=69ba19b1d4d745cfde206b19, productId=69ba182294b86a89e738af02[39m
2026-03-18 09:45:04:454 [32minfo[39m: [32mUser logged in: me@test.com[39m
2026-03-18 09:45:14:4514 [32minfo[39m: [32mProduct added to cart: userId=69ba19b1d4d745cfde206b19, productId=69ba182294b86a89e738af04[39m
2026-03-18 09:47:41:4741 [32minfo[39m: [32mUser logged in: me@test.com[39m
2026-03-18 09:54:19:5419 [32minfo[39m: [32mServer running on http://localhost:5000[39m
2026-03-18 09:54:23:5423 [32minfo[39m: [32mServer running on http://localhost:5000[39m
2026-03-18 09:54:24:5424 [32minfo[39m: [32mMongoDB connected successfully[39m
2026-03-18 09:54:24:5424 [32minfo[39m: [32mDatabase indexes created[39m
2026-03-18 09:54:37:5437 [32minfo[39m: [32mUser logged in: me@test.com[39m
2026-03-18 09:54:50:5450 [32minfo[39m: [32mProduct added to cart: userId=69ba19b1d4d745cfde206b19, productId=69ba182294b86a89e738af04[39m
2026-03-18 09:54:51:5451 [32minfo[39m: [32mProduct added to cart: userId=69ba19b1d4d745cfde206b19, productId=69ba182294b86a89e738af04[39m
2026-03-18 09:54:52:5452 [32minfo[39m: [32mProduct added to cart: userId=69ba19b1d4d745cfde206b19, productId=69ba182294b86a89e738af04[39m
2026-03-18 09:54:53:5453 [32minfo[39m: [32mProduct added to cart: userId=69ba19b1d4d745cfde206b19, productId=69ba182294b86a89e738af04[39m
2026-03-18 09:56:00:560 [32minfo[39m: [32mProduct added to cart: userId=69ba19b1d4d745cfde206b19, productId=69ba182294b86a89e738af02[39m
2026-03-18 09:59:16:5916 [32minfo[39m: [32mUser logged in: me@test.com[39m
2026-03-18 09:59:22:5922 [32minfo[39m: [32mProduct added to cart: userId=69ba19b1d4d745cfde206b19, productId=69ba182294b86a89e738af04[39m
2026-03-18 10:01:55:155 [32minfo[39m: [32mUser logged in: me@test.com[39m
2026-03-18 11:13:10:1310 [32minfo[39m: [32mServer running on http://localhost:5000[39m
2026-03-18 11:13:18:1318 [32minfo[39m: [32mServer running on http://localhost:5000[39m
2026-03-18 11:13:19:1319 [32minfo[39m: [32mMongoDB connected successfully[39m
2026-03-18 11:13:19:1319 [32minfo[39m: [32mDatabase indexes created[39m
2026-03-18 11:13:26:1326 [32minfo[39m: [32mServer running on http://localhost:5000[39m
2026-03-18 11:13:27:1327 [32minfo[39m: [32mMongoDB connected successfully[39m
2026-03-18 11:13:27:1327 [32minfo[39m: [32mDatabase indexes created[39m
2026-03-18 11:13:36:1336 [32minfo[39m: [32mUser logged in: me@test.com[39m
2026-03-18 11:13:46:1346 [32minfo[39m: [32mProduct added to cart: userId=69ba19b1d4d745cfde206b19, productId=69ba182294b86a89e738af04[39m
2026-03-18 11:19:26:1926 [32minfo[39m: [32mServer running on http://localhost:5000[39m
2026-03-18 11:19:26:1926 [32minfo[39m: [32mMongoDB connected successfully[39m
2026-03-18 11:19:27:1927 [32minfo[39m: [32mDatabase indexes created[39m
2026-03-18 11:20:02:202 [32minfo[39m: [32mUser logged in: me@test.com[39m
2026-03-18 11:20:09:209 [32minfo[39m: [32mProduct added to cart: userId=69ba19b1d4d745cfde206b19, productId=69ba182294b86a89e738af04[39m
2026-03-18 11:25:29:2529 [32minfo[39m: [32mServer running on http://localhost:5000[39m
2026-03-18 11:25:30:2530 [32minfo[39m: [32mMongoDB connected successfully[39m
2026-03-18 11:25:31:2531 [32minfo[39m: [32mDatabase indexes created[39m
2026-03-18 11:25:33:2533 [32minfo[39m: [32mUser logged in: me@test.com[39m
2026-03-18 11:25:47:2547 [31merror[39m: [31mCreate order error: Order validation failed: tenantId: Path `tenantId` is required., paymentMethod: `cod` is not a valid enum value for path `paymentMethod`.[39m
2026-03-18 11:25:47:2547 [31merror[39m: [31mCreate order error: Order validation failed: tenantId: Path `tenantId` is required., paymentMethod: `cod` is not a valid enum value for path `paymentMethod`.[39m
2026-03-18 11:25:58:2558 [31merror[39m: [31mCreate order error: Order validation failed: tenantId: Path `tenantId` is required., paymentMethod: `cod` is not a valid enum value for path `paymentMethod`.[39m
2026-03-18 11:25:58:2558 [31merror[39m: [31mCreate order error: Order validation failed: tenantId: Path `tenantId` is required., paymentMethod: `cod` is not a valid enum value for path `paymentMethod`.[39m
2026-03-18 11:27:06:276 [31merror[39m: [31mCreate order error: Order validation failed: tenantId: Path `tenantId` is required., paymentMethod: `cod` is not a valid enum value for path `paymentMethod`.[39m
2026-03-18 11:27:06:276 [31merror[39m: [31mCreate order error: Order validation failed: tenantId: Path `tenantId` is required., paymentMethod: `cod` is not a valid enum value for path `paymentMethod`.[39m
2026-03-18 11:28:07:287 [32minfo[39m: [32mServer running on http://localhost:5000[39m
2026-03-18 11:28:08:288 [32minfo[39m: [32mMongoDB connected successfully[39m
2026-03-18 11:28:08:288 [32minfo[39m: [32mDatabase indexes created[39m
2026-03-18 11:30:52:3052 [32minfo[39m: [32mServer running on http://localhost:5000[39m
2026-03-18 11:30:53:3053 [32minfo[39m: [32mMongoDB connected successfully[39m
2026-03-18 11:30:53:3053 [32minfo[39m: [32mDatabase indexes created[39m
2026-03-18 11:31:07:317 [32minfo[39m: [32mUser logged in: me@test.com[39m
2026-03-18 11:31:23:3123 [31merror[39m: [31mCreate order error: Order validation failed: tenantId: Path `tenantId` is required., paymentMethod: `cod` is not a valid enum value for path `paymentMethod`.[39m
2026-03-18 11:31:23:3123 [31merror[39m: [31mCreate order error: Order validation failed: tenantId: Path `tenantId` is required., paymentMethod: `cod` is not a valid enum value for path `paymentMethod`.[39m
2026-03-18 11:35:56:3556 [32minfo[39m: [32mServer running on http://localhost:5000[39m
2026-03-18 11:35:57:3557 [32minfo[39m: [32mMongoDB connected successfully[39m
2026-03-18 11:35:57:3557 [32minfo[39m: [32mDatabase indexes created[39m
2026-03-18 11:35:59:3559 [32minfo[39m: [32mUser logged in: me@test.com[39m
2026-03-18 11:36:10:3610 [32minfo[39m: [32mOrder created: 69ba39c953d2898c4c05217b for user 69ba19b1d4d745cfde206b19[39m
2026-03-18 11:37:49:3749 [31merror[39m: [31mCreate order error: Cart is empty[39m
2026-03-18 11:37:49:3749 [31merror[39m: [31mCreate order error: Cart is empty[39m
2026-03-18 11:41:18:4118 [32minfo[39m: [32mServer running on http://localhost:5000[39m
2026-03-18 11:41:19:4119 [32minfo[39m: [32mMongoDB connected successfully[39m
2026-03-18 11:41:20:4120 [32minfo[39m: [32mDatabase indexes created[39m
2026-03-18 11:42:37:4237 [32minfo[39m: [32mUser logged in: me@test.com[39m
2026-03-18 11:42:57:4257 [32minfo[39m: [32mProduct added to cart: userId=69ba19b1d4d745cfde206b19, productId=69ba182294b86a89e738af04[39m
2026-03-18 11:43:00:430 [32minfo[39m: [32mProduct added to cart: userId=69ba19b1d4d745cfde206b19, productId=69ba182294b86a89e738af04[39m
2026-03-18 11:43:01:431 [32minfo[39m: [32mProduct added to cart: userId=69ba19b1d4d745cfde206b19, productId=69ba182294b86a89e738af04[39m
2026-03-18 11:43:02:432 [32minfo[39m: [32mProduct added to cart: userId=69ba19b1d4d745cfde206b19, productId=69ba182294b86a89e738af04[39m
2026-03-18 11:43:13:4313 [32minfo[39m: [32mOrder created: 69ba3b7157ad46c9f90e95cc for user 69ba19b1d4d745cfde206b19[39m
2026-03-18 11:46:19:4619 [32minfo[39m: [32mServer running on http://localhost:5000[39m
2026-03-18 11:46:20:4620 [32minfo[39m: [32mMongoDB connected successfully[39m
2026-03-18 11:46:20:4620 [32minfo[39m: [32mDatabase indexes created[39m
2026-03-18 11:46:33:4633 [32minfo[39m: [32mUser logged in: me@test.com[39m
2026-03-18 11:46:43:4643 [32minfo[39m: [32mProduct added to cart: userId=69ba19b1d4d745cfde206b19, productId=69ba182294b86a89e738af04[39m
2026-03-18 11:46:44:4644 [32minfo[39m: [32mProduct added to cart: userId=69ba19b1d4d745cfde206b19, productId=69ba182294b86a89e738af04[39m
2026-03-18 11:46:56:4656 [32minfo[39m: [32mOrder created: 69ba3c50f629d0502b1c7dbe for user 69ba19b1d4d745cfde206b19[39m
2026-03-18 11:50:50:5050 [32minfo[39m: [32mUser logged in: me@test.com[39m
2026-03-18 11:51:01:511 [32minfo[39m: [32mProduct added to cart: userId=69ba19b1d4d745cfde206b19, productId=69ba182294b86a89e738aefb[39m
2026-03-18 11:51:02:512 [32minfo[39m: [32mProduct added to cart: userId=69ba19b1d4d745cfde206b19, productId=69ba182294b86a89e738aefb[39m
2026-03-18 11:51:13:5113 [32minfo[39m: [32mOrder created: 69ba3d50f629d0502b1c7e14 for user 69ba19b1d4d745cfde206b19[39m
2026-03-18 11:51:25:5125 [32minfo[39m: [32mUser logged in: me@test.com[39m
2026-03-18 11:52:03:523 [32minfo[39m: [32mProduct added to cart: userId=69ba19b1d4d745cfde206b19, productId=69ba182294b86a89e738af04[39m
2026-03-18 11:52:12:5212 [32minfo[39m: [32mOrder created: 69ba3d8cf629d0502b1c7e5b for user 69ba19b1d4d745cfde206b19[39m
2026-03-18 12:02:16:216 [32minfo[39m: [32mServer running on http://localhost:5000[39m
2026-03-18 12:02:17:217 [32minfo[39m: [32mMongoDB connected successfully[39m
2026-03-18 12:02:17:217 [32minfo[39m: [32mDatabase indexes created[39m
2026-03-18 12:02:18:218 [32minfo[39m: [32mUser logged in: me@test.com[39m
2026-03-18 12:02:26:226 [32minfo[39m: [32mProduct added to cart: userId=69ba19b1d4d745cfde206b19, productId=69ba182294b86a89e738af04[39m
2026-03-18 12:02:27:227 [32minfo[39m: [32mProduct added to cart: userId=69ba19b1d4d745cfde206b19, productId=69ba182294b86a89e738af04[39m
2026-03-18 12:02:37:237 [32minfo[39m: [32mOrder created: 69ba3ffde29a3b7631715f23 for user 69ba19b1d4d745cfde206b19[39m
2026-03-18 12:04:34:434 [32minfo[39m: [32mServer running on http://localhost:5000[39m
2026-03-18 12:04:35:435 [32minfo[39m: [32mMongoDB connected successfully[39m
2026-03-18 12:04:35:435 [32minfo[39m: [32mDatabase indexes created[39m
2026-03-18 12:07:28:728 [32minfo[39m: [32mUser logged in: me@test.com[39m
2026-03-18 12:08:54:854 [32minfo[39m: [32mUser registered: vendor@mytest.com[39m
2026-03-18 12:09:24:924 [32minfo[39m: [32mProduct added to cart: userId=69ba417684e1ecbef499cdc8, productId=69ba182294b86a89e738af04[39m
2026-03-18 12:09:25:925 [32minfo[39m: [32mProduct added to cart: userId=69ba417684e1ecbef499cdc8, productId=69ba182294b86a89e738af04[39m
2026-03-18 12:09:40:940 [32minfo[39m: [32mOrder created: 69ba41a384e1ecbef499ce1f for user 69ba417684e1ecbef499cdc8[39m
2026-03-18 12:14:12:1412 [32minfo[39m: [32mServer running on http://localhost:5000[39m
2026-03-18 12:14:16:1416 [32minfo[39m: [32mServer running on http://localhost:5000[39m
2026-03-18 12:14:17:1417 [32minfo[39m: [32mMongoDB connected successfully[39m
2026-03-18 12:14:17:1417 [32minfo[39m: [32mDatabase indexes created[39m
2026-03-18 12:15:00:150 [32minfo[39m: [32mServer running on http://localhost:5000[39m
2026-03-18 12:15:01:151 [32minfo[39m: [32mMongoDB connected successfully[39m
2026-03-18 12:15:01:151 [32minfo[39m: [32mDatabase indexes created[39m
2026-03-18 12:15:48:1548 [32minfo[39m: [32mVendor store created: My Test Store by user 69ba417684e1ecbef499cdc8[39m
2026-03-18 12:17:39:1739 [32minfo[39m: [32mUser logged in: vendor@mytest.com[39m
2026-03-18 12:41:23:4123 [32minfo[39m: [32mServer running on http://localhost:5000[39m
2026-03-18 12:41:24:4124 [32minfo[39m: [32mMongoDB connected successfully[39m
2026-03-18 12:41:24:4124 [32minfo[39m: [32mDatabase indexes created[39m
2026-03-18 12:45:19:4519 [32minfo[39m: [32mServer running on http://localhost:5000[39m
2026-03-18 12:45:21:4521 [32minfo[39m: [32mMongoDB connected successfully[39m
2026-03-18 12:45:21:4521 [32minfo[39m: [32mDatabase indexes created[39m
2026-03-18 12:46:18:4618 [32minfo[39m: [32mUser logged in: vendor@mytest.com[39m
2026-03-18 12:51:07:517 [31merror[39m: [31mGet products by tenant error: getaddrinfo ENOTFOUND ac-cvncpnj-shard-00-01.tftbwrh.mongodb.net[39m
2026-03-18 12:51:07:517 [31merror[39m: [31mGet vendor products error: getaddrinfo ENOTFOUND ac-cvncpnj-shard-00-01.tftbwrh.mongodb.net[39m
2026-03-18 12:56:20:5620 [32minfo[39m: [32mUser logged in: vendor@mytest.com[39m
2026-03-18 13:03:07:37 [32minfo[39m: [32mProduct created: 69ba4e2b8cb345a65de66fc0 for tenant 69ba431423e41dd08b1a493a[39m
2026-03-18 13:04:03:43 [32minfo[39m: [32mProduct created: 69ba4e638cb345a65de66fc2 for tenant 69ba431423e41dd08b1a493a[39m
2026-03-18 13:07:00:70 [32minfo[39m: [32mProduct updated: 69ba4e638cb345a65de66fc2[39m
2026-03-18 13:07:16:716 [32minfo[39m: [32mProduct deleted (soft): 69ba4e638cb345a65de66fc2[39m
2026-03-18 13:15:16:1516 [32minfo[39m: [32mServer running on http://localhost:5000[39m
2026-03-18 13:15:20:1520 [32minfo[39m: [32mServer running on http://localhost:5000[39m
2026-03-18 13:15:21:1521 [32minfo[39m: [32mMongoDB connected successfully[39m
2026-03-18 13:15:21:1521 [32minfo[39m: [32mDatabase indexes created[39m
2026-03-18 13:16:44:1644 [32minfo[39m: [32mServer running on http://localhost:5000[39m
2026-03-18 13:16:44:1644 [31merror[39m: [31mMongoDB connection error: querySrv ECONNREFUSED _mongodb._tcp.cluster0.tftbwrh.mongodb.net[39m
2026-03-18 13:54:57:5457 [32minfo[39m: [32mServer running on http://localhost:5000[39m
2026-03-18 13:54:59:5459 [32minfo[39m: [32mMongoDB connected successfully[39m
2026-03-18 13:54:59:5459 [32minfo[39m: [32mDatabase indexes created[39m
2026-03-18 13:55:32:5532 [32minfo[39m: [32mUser logged in: vendor@mytest.com[39m
2026-03-18 13:55:46:5546 [32minfo[39m: [32mUser logged in: vendor@mytest.com[39m
2026-03-18 13:57:56:5756 [32minfo[39m: [32mProduct added to cart: userId=69ba417684e1ecbef499cdc8, productId=69ba4e2b8cb345a65de66fc0[39m
2026-03-18 13:59:11:5911 [32minfo[39m: [32mUser logged in: vendor@mytest.com[39m
2026-03-18 14:00:10:010 [32minfo[39m: [32mUser logged in: me@test.com[39m
2026-03-18 14:00:24:024 [32minfo[39m: [32mUser logged in: me@test.com[39m
2026-03-18 14:01:02:12 [32minfo[39m: [32mUser logged in: me@test.com[39m
2026-03-18 14:01:45:145 [32minfo[39m: [32mUser logged in: me@test.com[39m
2026-03-18 14:04:48:448 [32minfo[39m: [32mUser logged in: me@test.com[39m
2026-03-18 14:17:11:1711 [32minfo[39m: [32mServer running on http://localhost:5000[39m
2026-03-18 14:17:15:1715 [32minfo[39m: [32mServer running on http://localhost:5000[39m
2026-03-18 14:17:16:1716 [32minfo[39m: [32mMongoDB connected successfully[39m
2026-03-18 14:17:16:1716 [32minfo[39m: [32mDatabase indexes created[39m
2026-03-18 14:20:32:2032 [32minfo[39m: [32mServer running on http://localhost:5000[39m
2026-03-18 14:20:33:2033 [32minfo[39m: [32mMongoDB connected successfully[39m
2026-03-18 14:20:33:2033 [32minfo[39m: [32mDatabase indexes created[39m
2026-03-18 14:25:52:2552 [32minfo[39m: [32mUser registered: admin@mytest.com[39m
2026-03-18 14:26:27:2627 [32minfo[39m: [32mUser logged in: admin@mytest.com[39m
2026-03-18 14:27:02:272 [32minfo[39m: [32mUser logged in: admin@mytest.com[39m
2026-03-18 14:28:04:284 [32minfo[39m: [32mMongoDB connected successfully[39m
2026-03-18 14:28:05:285 [32minfo[39m: [32mDatabase indexes created[39m
2026-03-18 14:30:15:3015 [32minfo[39m: [32mUser logged in: admin@mytest.com[39m
2026-03-18 14:49:50:4950 [32minfo[39m: [32mUser logged in: me@test.com[39m
2026-03-18 14:50:11:5011 [32minfo[39m: [32mUser logged in: vendor@mytest.com[39m
2026-03-18 14:50:43:5043 [32minfo[39m: [32mUser logged in: me@test.com[39m
2026-03-18 14:51:13:5113 [32minfo[39m: [32mUser logged in: me@test.com[39m
2026-03-18 14:51:26:5126 [32minfo[39m: [32mUser logged in: vendor@mytest.com[39m
2026-03-18 14:52:46:5246 [32minfo[39m: [32mUser logged in: admin@mytest.com[39m
2026-03-18 14:55:37:5537 [32minfo[39m: [32mServer running on http://localhost:5000[39m
2026-03-18 14:55:38:5538 [32minfo[39m: [32mMongoDB connected successfully[39m
2026-03-18 14:55:39:5539 [32minfo[39m: [32mDatabase indexes created[39m
2026-03-18 14:56:12:5612 [32minfo[39m: [32mUser logged in: vendor@mytest.com[39m
2026-03-18 14:56:35:5635 [32minfo[39m: [32mUser logged in: me@test.com[39m
2026-03-18 14:59:52:5952 [32minfo[39m: [32mVendor store created: iugyftjhhv by user 69ba19b1d4d745cfde206b19[39m
2026-03-18 15:17:58:1758 [32minfo[39m: [32mServer running on http://localhost:5000[39m
2026-03-18 15:17:58:1758 [32minfo[39m: [32mServer running on http://localhost:5000[39m
2026-03-18 15:17:59:1759 [32minfo[39m: [32mMongoDB connected successfully[39m
2026-03-18 15:17:59:1759 [32minfo[39m: [32mDatabase indexes created[39m
2026-03-18 16:05:13:513 [32minfo[39m: [32mServer running on http://localhost:5000[39m
2026-03-18 16:05:17:517 [32minfo[39m: [32mServer running on http://localhost:5000[39m
2026-03-18 16:05:18:518 [32minfo[39m: [32mMongoDB connected successfully[39m
2026-03-18 16:05:18:518 [32minfo[39m: [32mDatabase indexes created[39m
2026-03-18 16:05:19:519 [32minfo[39m: [32mUser logged in: me@test.com[39m
2026-03-18 16:19:42:1942 [32minfo[39m: [32mServer running on http://localhost:5000[39m
2026-03-18 16:19:48:1948 [32minfo[39m: [32mServer running on http://localhost:5000[39m
2026-03-18 16:19:49:1949 [32minfo[39m: [32mMongoDB connected successfully[39m
2026-03-18 16:19:49:1949 [32minfo[39m: [32mDatabase indexes created[39m
2026-03-18 16:19:50:1950 [32minfo[39m: [32mUser logged in: vendor@mytest.com[39m
2026-03-18 16:20:07:207 [32minfo[39m: [32mProfile updated: 69ba417684e1ecbef499cdc8[39m
2026-03-18 16:32:45:3245 [32minfo[39m: [32mUser logged in: vendor@mytest.com[39m
2026-03-18 16:33:27:3327 [32minfo[39m: [32mUser logged in: me@test.com[39m
2026-03-18 16:34:23:3423 [32minfo[39m: [32mUser logged in: admin@mytest.com[39m
