2026-03-18 08:49:35:4935 [31merror[39m: [31mGet marketplace products error: Cast to Number failed for value "NaN" (type number) at path "price" for model "Product"[39m
2026-03-18 08:49:35:4935 [31merror[39m: [31mMarketplace products error: Cast to Number failed for value "NaN" (type number) at path "price" for model "Product"[39m
2026-03-18 08:49:35:4935 [31merror[39m: [31mGet marketplace products error: Cast to Number failed for value "NaN" (type number) at path "price" for model "Product"[39m
2026-03-18 08:49:35:4935 [31merror[39m: [31mMarketplace products error: Cast to Number failed for value "NaN" (type number) at path "price" for model "Product"[39m
2026-03-18 08:49:50:4950 [31merror[39m: [31mGet marketplace products error: Cast to Number failed for value "NaN" (type number) at path "price" for model "Product"[39m
2026-03-18 08:49:50:4950 [31merror[39m: [31mMarketplace products error: Cast to Number failed for value "NaN" (type number) at path "price" for model "Product"[39m
2026-03-18 08:49:50:4950 [31merror[39m: [31mGet marketplace products error: Cast to Number failed for value "NaN" (type number) at path "price" for model "Product"[39m
2026-03-18 08:49:50:4950 [31merror[39m: [31mMarketplace products error: Cast to Number failed for value "NaN" (type number) at path "price" for model "Product"[39m
2026-03-18 08:50:08:508 [31merror[39m: [31mGet marketplace products error: Cast to Number failed for value "NaN" (type number) at path "price" for model "Product"[39m
2026-03-18 08:50:08:508 [31merror[39m: [31mMarketplace products error: Cast to Number failed for value "NaN" (type number) at path "price" for model "Product"[39m
2026-03-18 08:50:08:508 [31merror[39m: [31mGet marketplace products error: Cast to Number failed for value "NaN" (type number) at path "price" for model "Product"[39m
2026-03-18 08:50:08:508 [31merror[39m: [31mMarketplace products error: Cast to Number failed for value "NaN" (type number) at path "price" for model "Product"[39m
2026-03-18 09:29:54:2954 [31merror[39m: [31mLogin error: getaddrinfo ENOTFOUND ac-cvncpnj-shard-00-02.tftbwrh.mongodb.net[39m
2026-03-18 11:25:47:2547 [31merror[39m: [31mCreate order error: Order validation failed: tenantId: Path `tenantId` is required., paymentMethod: `cod` is not a valid enum value for path `paymentMethod`.[39m
2026-03-18 11:25:47:2547 [31merror[39m: [31mCreate order error: Order validation failed: tenantId: Path `tenantId` is required., paymentMethod: `cod` is not a valid enum value for path `paymentMethod`.[39m
2026-03-18 11:25:58:2558 [31merror[39m: [31mCreate order error: Order validation failed: tenantId: Path `tenantId` is required., paymentMethod: `cod` is not a valid enum value for path `paymentMethod`.[39m
2026-03-18 11:25:58:2558 [31merror[39m: [31mCreate order error: Order validation failed: tenantId: Path `tenantId` is required., paymentMethod: `cod` is not a valid enum value for path `paymentMethod`.[39m
2026-03-18 11:27:06:276 [31merror[39m: [31mCreate order error: Order validation failed: tenantId: Path `tenantId` is required., paymentMethod: `cod` is not a valid enum value for path `paymentMethod`.[39m
2026-03-18 11:27:06:276 [31merror[39m: [31mCreate order error: Order validation failed: tenantId: Path `tenantId` is required., paymentMethod: `cod` is not a valid enum value for path `paymentMethod`.[39m
2026-03-18 11:31:23:3123 [31merror[39m: [31mCreate order error: Order validation failed: tenantId: Path `tenantId` is required., paymentMethod: `cod` is not a valid enum value for path `paymentMethod`.[39m
2026-03-18 11:31:23:3123 [31merror[39m: [31mCreate order error: Order validation failed: tenantId: Path `tenantId` is required., paymentMethod: `cod` is not a valid enum value for path `paymentMethod`.[39m
2026-03-18 11:37:49:3749 [31merror[39m: [31mCreate order error: Cart is empty[39m
2026-03-18 11:37:49:3749 [31merror[39m: [31mCreate order error: Cart is empty[39m
2026-03-18 12:51:07:517 [31merror[39m: [31mGet products by tenant error: getaddrinfo ENOTFOUND ac-cvncpnj-shard-00-01.tftbwrh.mongodb.net[39m
2026-03-18 12:51:07:517 [31merror[39m: [31mGet vendor products error: getaddrinfo ENOTFOUND ac-cvncpnj-shard-00-01.tftbwrh.mongodb.net[39m
2026-03-18 13:16:44:1644 [31merror[39m: [31mMongoDB connection error: querySrv ECONNREFUSED _mongodb._tcp.cluster0.tftbwrh.mongodb.net[39m
